0 info it worked if it ends with ok
1 verbose cli [ '/home/CIT/fabriciob/.nvm/versions/node/v5.12.0/bin/node',
1 verbose cli   '/home/CIT/fabriciob/.nvm/versions/node/v5.12.0/bin/npm',
1 verbose cli   'run',
1 verbose cli   'dev' ]
2 info using npm@3.8.6
3 info using node@v5.12.0
4 verbose run-script [ 'predev', 'dev', 'postdev' ]
5 info lifecycle webpack-for-drupal@1.0.0~predev: webpack-for-drupal@1.0.0
6 silly lifecycle webpack-for-drupal@1.0.0~predev: no script for predev, continuing
7 info lifecycle webpack-for-drupal@1.0.0~dev: webpack-for-drupal@1.0.0
8 verbose lifecycle webpack-for-drupal@1.0.0~dev: unsafe-perm in lifecycle true
9 verbose lifecycle webpack-for-drupal@1.0.0~dev: PATH: /home/CIT/fabriciob/.nvm/versions/node/v5.12.0/lib/node_modules/npm/bin/node-gyp-bin:/home/CIT/fabriciob/www/webpack4drupal/node_modules/.bin:/home/CIT/fabriciob/.nvm/versions/node/v5.12.0/bin:/home/CIT/fabriciob/.nvm/versions/node/v5.12.0/bin:/home/CIT/fabriciob/bin:/home/CIT/fabriciob/.local/bin:/usr/local/sbin:/usr/local/bin:/usr/sbin:/usr/bin:/sbin:/bin:/usr/games:/usr/local/games:/snap/bin:/usr/lib/jvm/java-8-oracle/bin:/usr/lib/jvm/java-8-oracle/db/bin:/usr/lib/jvm/java-8-oracle/jre/bin:/home/CIT/fabriciob/.config/composer/vendor/bin
10 verbose lifecycle webpack-for-drupal@1.0.0~dev: CWD: /home/CIT/fabriciob/www/webpack4drupal
11 silly lifecycle webpack-for-drupal@1.0.0~dev: Args: [ '-c',
11 silly lifecycle   'webpack-dev-server --inline --progress --config webpack.config.js' ]
12 silly lifecycle webpack-for-drupal@1.0.0~dev: Returned: code: 1  signal: null
13 info lifecycle webpack-for-drupal@1.0.0~dev: Failed to exec dev script
14 verbose stack Error: webpack-for-drupal@1.0.0 dev: `webpack-dev-server --inline --progress --config webpack.config.js`
14 verbose stack Exit status 1
14 verbose stack     at EventEmitter.<anonymous> (/home/CIT/fabriciob/.nvm/versions/node/v5.12.0/lib/node_modules/npm/lib/utils/lifecycle.js:239:16)
14 verbose stack     at emitTwo (events.js:100:13)
14 verbose stack     at EventEmitter.emit (events.js:185:7)
14 verbose stack     at ChildProcess.<anonymous> (/home/CIT/fabriciob/.nvm/versions/node/v5.12.0/lib/node_modules/npm/lib/utils/spawn.js:24:14)
14 verbose stack     at emitTwo (events.js:100:13)
14 verbose stack     at ChildProcess.emit (events.js:185:7)
14 verbose stack     at maybeClose (internal/child_process.js:850:16)
14 verbose stack     at Process.ChildProcess._handle.onexit (internal/child_process.js:215:5)
15 verbose pkgid webpack-for-drupal@1.0.0
16 verbose cwd /home/CIT/fabriciob/www/webpack4drupal
17 error Linux 4.8.0-41-generic
18 error argv "/home/CIT/fabriciob/.nvm/versions/node/v5.12.0/bin/node" "/home/CIT/fabriciob/.nvm/versions/node/v5.12.0/bin/npm" "run" "dev"
19 error node v5.12.0
20 error npm  v3.8.6
21 error code ELIFECYCLE
22 error webpack-for-drupal@1.0.0 dev: `webpack-dev-server --inline --progress --config webpack.config.js`
22 error Exit status 1
23 error Failed at the webpack-for-drupal@1.0.0 dev script 'webpack-dev-server --inline --progress --config webpack.config.js'.
23 error Make sure you have the latest version of node.js and npm installed.
23 error If you do, this is most likely a problem with the webpack-for-drupal package,
23 error not with npm itself.
23 error Tell the author that this fails on your system:
23 error     webpack-dev-server --inline --progress --config webpack.config.js
23 error You can get information on how to open an issue for this project with:
23 error     npm bugs webpack-for-drupal
23 error Or if that isn't available, you can get their info via:
23 error     npm owner ls webpack-for-drupal
23 error There is likely additional logging output above.
24 verbose exit [ 1, true ]
